<?xml version="1.0" encoding="UTF-8"?>
<!-- Generated by org.testng.reporters.JUnitXMLReporter -->
<testsuite ignored="5" hostname="AngelsDen" failures="0" tests="1" name="Default test" time="22.909" errors="0" timestamp="2022-08-29T15:36:46 IST">
  <testcase classname="com.trainermgm.scripts.TestCases" name="verifyViewAllocation" time="11.583"/>
  <testcase classname="com.trainermgm.scripts.TestCases" name="validSignUp" time="0.0">
    <ignored/>
  </testcase> <!-- validSignUp -->
  <testcase classname="com.trainermgm.scripts.TestCases" name="verifyValidLogin" time="0.0">
    <ignored/>
  </testcase> <!-- verifyValidLogin -->
  <testcase classname="com.trainermgm.scripts.TestCases" name="approveTrainer" time="0.0">
    <ignored/>
  </testcase> <!-- approveTrainer -->
  <testcase classname="com.trainermgm.scripts.TestCases" name="verifyHome" time="0.0">
    <ignored/>
  </testcase> <!-- verifyHome -->
  <testcase classname="com.trainermgm.scripts.TestCases" name="verifyAllocate" time="0.0">
    <ignored/>
  </testcase> <!-- verifyAllocate -->
</testsuite> <!-- Default test -->
