<?xml version="1.0" encoding="UTF-8"?>
<!-- Generated by org.testng.reporters.JUnitXMLReporter -->
<testsuite ignored="21" hostname="AngelsDen" failures="0" tests="1" name="Default test" time="11.468" errors="0" timestamp="2022-09-05T20:41:02 IST">
  <testcase classname="com.trainermgm.scripts.TestCases" name="verifySignUpAccess_REQ01_T1" time="1.613"/>
  <testcase classname="com.trainermgm.scripts.TestCases" name="verifyBatchIdList_REQ05_T5" time="0.0">
    <ignored/>
  </testcase> <!-- verifyBatchIdList_REQ05_T5 -->
  <testcase classname="com.trainermgm.scripts.TestCases" name="verifyTrainerRejection_REQ03_T6" time="0.0">
    <ignored/>
  </testcase> <!-- verifyTrainerRejection_REQ03_T6 -->
  <testcase classname="com.trainermgm.scripts.TestCases" name="verifyAllocate_REQ05_T1" time="0.0">
    <ignored/>
  </testcase> <!-- verifyAllocate_REQ05_T1 -->
  <testcase classname="com.trainermgm.scripts.TestCases" name="verifyAllocateTrainerfields_REQ05_T3" time="0.0">
    <ignored/>
  </testcase> <!-- verifyAllocateTrainerfields_REQ05_T3 -->
  <testcase classname="com.trainermgm.scripts.TestCases" name="verifyCourseDropdown_REQ02_T3" time="0.0">
    <ignored/>
  </testcase> <!-- verifyCourseDropdown_REQ02_T3 -->
  <testcase classname="com.trainermgm.scripts.TestCases" name="mailBoxValidation_REQ01_T5" time="0.0">
    <ignored/>
  </testcase> <!-- mailBoxValidation_REQ01_T5 -->
  <testcase classname="com.trainermgm.scripts.TestCases" name="trainerValidLogin_REQ01_T4" time="0.0">
    <ignored/>
  </testcase> <!-- trainerValidLogin_REQ01_T4 -->
  <testcase classname="com.trainermgm.scripts.TestCases" name="trainerValidLogin_REQ01_T3" time="0.0">
    <ignored/>
  </testcase> <!-- trainerValidLogin_REQ01_T3 -->
  <testcase classname="com.trainermgm.scripts.TestCases" name="verifyTrainerApproval_REQ03_T2" time="0.0">
    <ignored/>
  </testcase> <!-- verifyTrainerApproval_REQ03_T2 -->
  <testcase classname="com.trainermgm.scripts.TestCases" name="adminValidLogin_REQ01_T2" time="0.0">
    <ignored/>
  </testcase> <!-- adminValidLogin_REQ01_T2 -->
  <testcase classname="com.trainermgm.scripts.TestCases" name="verifyAllocate_REQ06_T1" time="0.0">
    <ignored/>
  </testcase> <!-- verifyAllocate_REQ06_T1 -->
  <testcase classname="com.trainermgm.scripts.TestCases" name="verifyCourseIdList_REQ05_T4" time="0.0">
    <ignored/>
  </testcase> <!-- verifyCourseIdList_REQ05_T4 -->
  <testcase classname="com.trainermgm.scripts.TestCases" name="verifyEmpTypeDropdown_REQ03_T5" time="0.0">
    <ignored/>
  </testcase> <!-- verifyEmpTypeDropdown_REQ03_T5 -->
  <testcase classname="com.trainermgm.scripts.TestCases" name="invalidSignUp_REQ02_T2" time="0.0">
    <ignored/>
  </testcase> <!-- invalidSignUp_REQ02_T2 -->
  <testcase classname="com.trainermgm.scripts.TestCases" name="trainerProfileInvalidEdit_REQ3_T11" time="0.0">
    <ignored/>
  </testcase> <!-- trainerProfileInvalidEdit_REQ3_T11 -->
  <testcase classname="com.trainermgm.scripts.TestCases" name="confirmTrainerApproval_REQ03_T4" time="0.0">
    <ignored/>
  </testcase> <!-- confirmTrainerApproval_REQ03_T4 -->
  <testcase classname="com.trainermgm.scripts.TestCases" name="buttonStatus_REQ01_T7" time="0.0">
    <ignored/>
  </testcase> <!-- buttonStatus_REQ01_T7 -->
  <testcase classname="com.trainermgm.scripts.TestCases" name="validSignUp_REQ02_T1" time="0.0">
    <ignored/>
  </testcase> <!-- validSignUp_REQ02_T1 -->
  <testcase classname="com.trainermgm.scripts.TestCases" name="buttonStatus_REQ01_T8" time="0.0">
    <ignored/>
  </testcase> <!-- buttonStatus_REQ01_T8 -->
  <testcase classname="com.trainermgm.scripts.TestCases" name="trainerProfileEdit_REQ3_T9" time="0.0">
    <ignored/>
  </testcase> <!-- trainerProfileEdit_REQ3_T9 -->
  <testcase classname="com.trainermgm.scripts.TestCases" name="invalidLogin_REQ01_T6" time="0.0">
    <ignored/>
  </testcase> <!-- invalidLogin_REQ01_T6 -->
</testsuite> <!-- Default test -->
