<?xml version="1.0" encoding="UTF-8"?>
<testng-results ignored="0" total="1" passed="1" failed="0" skipped="0">
  <reporter-output>
  </reporter-output>
  <suite started-at="2022-08-23T03:27:11 IST" name="Default suite" finished-at="2022-08-23T03:27:24 IST" duration-ms="12569">
    <groups>
    </groups>
    <test started-at="2022-08-23T03:27:11 IST" name="Default test" finished-at="2022-08-23T03:27:24 IST" duration-ms="12569">
      <class name="com.trainermgm.scripts.TestCases">
        <test-method is-config="true" signature="onSetup()[pri:0, instance:com.trainermgm.scripts.TestCases@128d2484]" started-at="2022-08-23T03:27:11 IST" name="onSetup" finished-at="2022-08-23T03:27:16 IST" duration-ms="5154" status="PASS">
          <reporter-output>
          </reporter-output>
        </test-method> <!-- onSetup -->
        <test-method signature="verifyValidLogin()[pri:1, instance:com.trainermgm.scripts.TestCases@128d2484]" started-at="2022-08-23T03:27:16 IST" name="verifyValidLogin" description="Login attempt with valid credentials" finished-at="2022-08-23T03:27:24 IST" duration-ms="7382" status="PASS">
          <reporter-output>
          </reporter-output>
        </test-method> <!-- verifyValidLogin -->
      </class> <!-- com.trainermgm.scripts.TestCases -->
    </test> <!-- Default test -->
  </suite> <!-- Default suite -->
</testng-results>
