<?xml version="1.0" encoding="UTF-8"?>
<testng-results ignored="5" total="6" passed="1" failed="0" skipped="0">
  <reporter-output>
  </reporter-output>
  <suite started-at="2022-08-29T15:36:23 IST" name="Default suite" finished-at="2022-08-29T15:36:46 IST" duration-ms="22909">
    <groups>
    </groups>
    <test started-at="2022-08-29T15:36:23 IST" name="Default test" finished-at="2022-08-29T15:36:46 IST" duration-ms="22909">
      <class name="com.trainermgm.scripts.TestCases">
        <test-method is-config="true" signature="onSetup()[pri:0, instance:com.trainermgm.scripts.TestCases@2b71e916]" started-at="2022-08-29T15:36:23 IST" name="onSetup" finished-at="2022-08-29T15:36:34 IST" duration-ms="11282" status="PASS">
          <reporter-output>
          </reporter-output>
        </test-method> <!-- onSetup -->
        <test-method signature="verifyViewAllocation()[pri:1, instance:com.trainermgm.scripts.TestCases@2b71e916]" started-at="2022-08-29T15:36:34 IST" name="verifyViewAllocation" description="Verify navigation to View allocate page" finished-at="2022-08-29T15:36:46 IST" duration-ms="11583" status="PASS">
          <reporter-output>
          </reporter-output>
        </test-method> <!-- verifyViewAllocation -->
      </class> <!-- com.trainermgm.scripts.TestCases -->
    </test> <!-- Default test -->
  </suite> <!-- Default suite -->
</testng-results>
